[2026-03-26 19:57:14] Script started — today is 2026-03-26 (Thursday)
[2026-03-26 19:57:14] Downloading GOOG data (2 years)...
[2026-03-26 19:57:16] Latest available close: 2026-03-26 — $280.74
[2026-03-26 19:57:16] Building features and training models...
[2026-03-26 19:57:18] Predictions:
[2026-03-26 19:57:18]   Linear Regression      $288.46  (+$7.72)
[2026-03-26 19:57:18]   Random Forest          $284.36  (+$3.62)
[2026-03-26 19:57:18]   SVR                    $280.84  (+$0.10)
[2026-03-26 19:57:18]   XGBoost                $284.33  (+$3.59)
[2026-03-26 19:57:18] Saved prediction for 2026-03-27 to C:\Users\agusm\Downloads\Pythonclass\goog_backtest_v2.csv
[2026-03-26 19:59:36] Script started — today is 2026-03-26 (Thursday)
[2026-03-26 19:59:36] Downloading GOOG data (2 years)...
[2026-03-26 19:59:38] Latest available close: 2026-03-26 — $280.74
[2026-03-26 19:59:38] Building features and training models...
[2026-03-26 19:59:39] Predictions:
[2026-03-26 19:59:39]   Linear Regression      $288.46  (+$7.72)
[2026-03-26 19:59:39]   Random Forest          $284.36  (+$3.62)
[2026-03-26 19:59:39]   SVR                    $280.84  (+$0.10)
[2026-03-26 19:59:39]   XGBoost                $284.33  (+$3.59)
[2026-03-26 19:59:39] Prediction for 2026-03-27 already exists. Skipping.
[2026-03-26 19:59:39] --------------------------------------------------
[2026-03-26 19:59:39] Last close (2026-03-26): $280.74
[2026-03-26 19:59:39] Predictions for 2026-03-27:
[2026-03-26 19:59:39]   Linear Regression      $288.46
[2026-03-26 19:59:39]   Random Forest          $284.36
[2026-03-26 19:59:39]   SVR                    $280.84
[2026-03-26 19:59:39]   XGBoost                $284.33
[2026-03-26 19:59:39] Script finished successfully.
[2026-03-26 19:59:39] --------------------------------------------------
[2026-03-27 17:30:14] Script started — today is 2026-03-27 (Friday)
[2026-03-27 17:30:14] Downloading GOOG data (2 years)...
[2026-03-27 17:30:17] Latest available close: 2026-03-27 — $273.76
[2026-03-27 17:30:17] Updated real close for 2026-03-27: $273.76
[2026-03-27 17:30:17] Building features and training models...
[2026-03-27 17:30:18] Predictions:
[2026-03-27 17:30:18]   Linear Regression      $279.00  (+$5.24)
[2026-03-27 17:30:18]   Random Forest          $278.15  (+$4.39)
[2026-03-27 17:30:18]   SVR                    $273.86  (+$0.10)
[2026-03-27 17:30:18]   XGBoost                $275.59  (+$1.83)
[2026-03-27 17:30:18] Saved prediction for 2026-03-30 to C:\Users\agusm\Downloads\Pythonclass\goog_backtest_v2.csv
[2026-03-27 17:30:18] --------------------------------------------------
[2026-03-27 17:30:18] Last close (2026-03-27): $273.76
[2026-03-27 17:30:18] Predictions for 2026-03-30:
[2026-03-27 17:30:18]   Linear Regression      $279.00
[2026-03-27 17:30:18]   Random Forest          $278.15
[2026-03-27 17:30:18]   SVR                    $273.86
[2026-03-27 17:30:18]   XGBoost                $275.59
[2026-03-27 17:30:18] Script finished successfully.
[2026-03-27 17:30:18] --------------------------------------------------
[2026-03-30 17:30:42] Script started — today is 2026-03-30 (Monday)
[2026-03-30 17:30:42] Downloading GOOG data (2 years)...
[2026-03-30 17:30:43] Latest available close: 2026-03-30 — $273.14
[2026-03-30 17:30:43] Updated real close for 2026-03-30: $273.14
[2026-03-30 17:30:43] Building features and training models...
[2026-03-30 17:30:44] Predictions:
[2026-03-30 17:30:44]   Linear Regression      $272.70  ($-0.44)
[2026-03-30 17:30:44]   Random Forest          $274.36  (+$1.22)
[2026-03-30 17:30:44]   SVR                    $273.04  ($-0.10)
[2026-03-30 17:30:44]   XGBoost                $273.04  ($-0.10)
[2026-03-30 17:30:44] Saved prediction for 2026-03-31 to C:\Users\agusm\Downloads\Pythonclass\goog_backtest_v2.csv
[2026-03-30 17:30:44] --------------------------------------------------
[2026-03-30 17:30:44] Last close (2026-03-30): $273.14
[2026-03-30 17:30:44] Predictions for 2026-03-31:
[2026-03-30 17:30:44]   Linear Regression      $272.70
[2026-03-30 17:30:44]   Random Forest          $274.36
[2026-03-30 17:30:44]   SVR                    $273.04
[2026-03-30 17:30:44]   XGBoost                $273.04
[2026-03-30 17:30:44] Script finished successfully.
[2026-03-30 17:30:44] --------------------------------------------------
[2026-03-31 17:54:16] Script started — today is 2026-03-31 (Tuesday)
[2026-03-31 17:54:16] Downloading GOOG data (2 years)...
[2026-03-31 17:54:18] Latest available close: 2026-03-31 — $286.86
[2026-03-31 17:54:18] Updated real close for 2026-03-31: $286.86
[2026-03-31 17:54:18] Building features and training models...
[2026-03-31 17:54:19] Predictions:
[2026-03-31 17:54:19]   Linear Regression      $272.18  ($-14.68)
[2026-03-31 17:54:19]   Random Forest          $283.22  ($-3.64)
[2026-03-31 17:54:19]   SVR                    $286.76  ($-0.10)
[2026-03-31 17:54:19]   XGBoost                $283.22  ($-3.64)
[2026-03-31 17:54:19] Saved prediction for 2026-04-01 to C:\Users\agusm\Downloads\Pythonclass\goog_backtest_v2.csv
[2026-03-31 17:54:19] --------------------------------------------------
[2026-03-31 17:54:19] Last close (2026-03-31): $286.86
[2026-03-31 17:54:19] Predictions for 2026-04-01:
[2026-03-31 17:54:19]   Linear Regression      $272.18
[2026-03-31 17:54:19]   Random Forest          $283.22
[2026-03-31 17:54:19]   SVR                    $286.76
[2026-03-31 17:54:19]   XGBoost                $283.22
[2026-03-31 17:54:19] Script finished successfully.
[2026-03-31 17:54:19] --------------------------------------------------
[2026-04-01 17:30:05] Script started — today is 2026-04-01 (Wednesday)
[2026-04-01 17:30:05] Downloading GOOG data (2 years)...
[2026-04-01 17:30:06] Latest available close: 2026-04-01 — $294.9
[2026-04-01 17:30:06] Updated real close for 2026-04-01: $294.9
[2026-04-01 17:30:06] Building features and training models...
[2026-04-01 17:30:08] Predictions:
[2026-04-01 17:30:08]   Linear Regression      $288.30  ($-6.60)
[2026-04-01 17:30:08]   Random Forest          $290.59  ($-4.31)
[2026-04-01 17:30:08]   SVR                    $294.80  ($-0.10)
[2026-04-01 17:30:08]   XGBoost                $290.15  ($-4.75)
[2026-04-01 17:30:08] Saved prediction for 2026-04-02 to C:\Users\agusm\Downloads\Pythonclass\goog_backtest_v2.csv
[2026-04-01 17:30:08] --------------------------------------------------
[2026-04-01 17:30:08] Last close (2026-04-01): $294.9
[2026-04-01 17:30:08] Predictions for 2026-04-02:
[2026-04-01 17:30:08]   Linear Regression      $288.30
[2026-04-01 17:30:08]   Random Forest          $290.59
[2026-04-01 17:30:08]   SVR                    $294.80
[2026-04-01 17:30:08]   XGBoost                $290.15
[2026-04-01 17:30:08] Script finished successfully.
[2026-04-01 17:30:08] --------------------------------------------------
[2026-04-02 17:43:35] Script started — today is 2026-04-02 (Thursday)
[2026-04-02 17:43:35] Downloading GOOG data (2 years)...
[2026-04-02 17:43:37] Latest available close: 2026-04-02 — $294.46
[2026-04-02 17:43:37] Updated real close for 2026-04-02: $294.46
[2026-04-02 17:43:37] Building features and training models...
[2026-04-02 17:43:38] Predictions:
[2026-04-02 17:43:38]   Linear Regression      $295.93  (+$1.47)
[2026-04-02 17:43:38]   Random Forest          $294.41  ($-0.05)
[2026-04-02 17:43:38]   SVR                    $294.36  ($-0.10)
[2026-04-02 17:43:38]   XGBoost                $292.41  ($-2.05)
[2026-04-02 17:43:38] Saved prediction for 2026-04-03 to C:\Users\agusm\Downloads\Pythonclass\goog_backtest_v2.csv
[2026-04-02 17:43:38] --------------------------------------------------
[2026-04-02 17:43:38] Last close (2026-04-02): $294.46
[2026-04-02 17:43:38] Predictions for 2026-04-03:
[2026-04-02 17:43:38]   Linear Regression      $295.93
[2026-04-02 17:43:38]   Random Forest          $294.41
[2026-04-02 17:43:38]   SVR                    $294.36
[2026-04-02 17:43:38]   XGBoost                $292.41
[2026-04-02 17:43:38] Script finished successfully.
[2026-04-02 17:43:38] --------------------------------------------------
[2026-04-02 18:03:54] Script started — today is 2026-04-02 (Thursday)
[2026-04-02 18:03:54] Downloading GOOG data (2 years)...
[2026-04-02 18:03:55] Latest available close: 2026-04-02 — $294.46
[2026-04-02 18:03:55] Building features and training models...
[2026-04-02 18:03:56] Predictions:
[2026-04-02 18:03:56]   Linear Regression      $295.93  (+$1.47)
[2026-04-02 18:03:56]   Random Forest          $294.41  ($-0.05)
[2026-04-02 18:03:56]   SVR                    $294.36  ($-0.10)
[2026-04-02 18:03:56]   XGBoost                $292.41  ($-2.05)
[2026-04-02 18:03:56] Prediction for 2026-04-03 already exists. Skipping.
[2026-04-02 18:03:56] --------------------------------------------------
[2026-04-02 18:03:56] Last close (2026-04-02): $294.46
[2026-04-02 18:03:56] Predictions for 2026-04-03:
[2026-04-02 18:03:56]   Linear Regression      $295.93
[2026-04-02 18:03:56]   Random Forest          $294.41
[2026-04-02 18:03:56]   SVR                    $294.36
[2026-04-02 18:03:56]   XGBoost                $292.41
[2026-04-02 18:03:56] Script finished successfully.
[2026-04-02 18:03:56] --------------------------------------------------
[2026-04-03 21:11:17] Script started — today is 2026-04-03 (Friday)
[2026-04-03 21:11:17] Downloading GOOG data (2 years)...
[2026-04-03 21:11:18] Latest available close: 2026-04-02 — $294.46
[2026-04-03 21:11:18] Market was NOT open today (last close was 2026-04-02). Will still generate predictions based on latest data.
[2026-04-03 21:11:18] Building features and training models...
[2026-04-03 21:11:19] Predictions:
[2026-04-03 21:11:19]   Linear Regression      $295.93  (+$1.47)
[2026-04-03 21:11:19]   Random Forest          $294.41  ($-0.05)
[2026-04-03 21:11:19]   SVR                    $294.36  ($-0.10)
[2026-04-03 21:11:19]   XGBoost                $292.41  ($-2.05)
[2026-04-03 21:11:19] Prediction for 2026-04-03 already exists. Skipping.
[2026-04-03 21:11:19] --------------------------------------------------
[2026-04-03 21:11:19] Last close (2026-04-02): $294.46
[2026-04-03 21:11:19] Predictions for 2026-04-03:
[2026-04-03 21:11:19]   Linear Regression      $295.93
[2026-04-03 21:11:19]   Random Forest          $294.41
[2026-04-03 21:11:19]   SVR                    $294.36
[2026-04-03 21:11:19]   XGBoost                $292.41
[2026-04-03 21:11:19] Script finished successfully.
[2026-04-03 21:11:19] --------------------------------------------------
[2026-04-03 21:21:34] Script started — today is 2026-04-03 (Friday)
[2026-04-03 21:21:34] Downloading GOOG data (2 years)...
[2026-04-03 21:21:39] Latest available close: 2026-04-02 — $294.46
[2026-04-03 21:21:39] Market was NOT open today (last close was 2026-04-02). Will still generate predictions based on latest data.
[2026-04-03 21:21:39] Building features and training models...
[2026-04-03 21:21:40] Predictions:
[2026-04-03 21:21:40]   Linear Regression      $295.93  (+$1.47)
[2026-04-03 21:21:40]   Random Forest          $294.41  ($-0.05)
[2026-04-03 21:21:40]   SVR                    $294.36  ($-0.10)
[2026-04-03 21:21:40]   XGBoost                $292.41  ($-2.05)
[2026-04-03 21:21:40] Prediction for 2026-04-03 already exists. Skipping.
[2026-04-03 21:21:40] --------------------------------------------------
[2026-04-03 21:21:40] Last close (2026-04-02): $294.46
[2026-04-03 21:21:40] Predictions for 2026-04-03:
[2026-04-03 21:21:40]   Linear Regression      $295.93
[2026-04-03 21:21:40]   Random Forest          $294.41
[2026-04-03 21:21:40]   SVR                    $294.36
[2026-04-03 21:21:40]   XGBoost                $292.41
[2026-04-03 21:21:40] Script finished successfully.
[2026-04-03 21:21:40] --------------------------------------------------
[2026-04-06 17:30:36] Script started — today is 2026-04-06 (Monday)
[2026-04-06 17:30:36] Downloading GOOG data (2 years)...
[2026-04-06 17:30:38] Latest available close: 2026-04-06 — $297.66
[2026-04-06 17:30:38] Updated real close for 2026-04-06: $297.66
[2026-04-06 17:30:38] Building features and training models...
[2026-04-06 17:30:39] Predictions:
[2026-04-06 17:30:39]   Linear Regression      $294.01  ($-3.65)
[2026-04-06 17:30:39]   Random Forest          $294.95  ($-2.71)
[2026-04-06 17:30:39]   SVR                    $297.56  ($-0.10)
[2026-04-06 17:30:39]   XGBoost                $296.26  ($-1.40)
[2026-04-06 17:30:39] Saved prediction for 2026-04-07 to C:\Users\agusm\Downloads\Pythonclass\goog_backtest_v2.csv
[2026-04-06 17:30:39] --------------------------------------------------
[2026-04-06 17:30:39] Last close (2026-04-06): $297.66
[2026-04-06 17:30:39] Predictions for 2026-04-07:
[2026-04-06 17:30:39]   Linear Regression      $294.01
[2026-04-06 17:30:39]   Random Forest          $294.95
[2026-04-06 17:30:39]   SVR                    $297.56
[2026-04-06 17:30:39]   XGBoost                $296.26
[2026-04-06 17:30:39] Script finished successfully.
[2026-04-06 17:30:39] --------------------------------------------------
[2026-04-07 17:30:07] Script started — today is 2026-04-07 (Tuesday)
[2026-04-07 17:30:07] Downloading GOOG data (2 years)...
[2026-04-07 17:30:09] Latest available close: 2026-04-07 — $303.93
[2026-04-07 17:30:09] Updated real close for 2026-04-07: $303.93
[2026-04-07 17:30:09] Building features and training models...
[2026-04-07 17:30:11] Predictions:
[2026-04-07 17:30:11]   Linear Regression      $296.71  ($-7.22)
[2026-04-07 17:30:11]   Random Forest          $301.05  ($-2.88)
[2026-04-07 17:30:11]   SVR                    $303.83  ($-0.10)
[2026-04-07 17:30:11]   XGBoost                $301.34  ($-2.59)
[2026-04-07 17:30:11] Saved prediction for 2026-04-08 to C:\Users\agusm\Downloads\Pythonclass\goog_backtest_v2.csv
[2026-04-07 17:30:11] --------------------------------------------------
[2026-04-07 17:30:11] Last close (2026-04-07): $303.93
[2026-04-07 17:30:11] Predictions for 2026-04-08:
[2026-04-07 17:30:11]   Linear Regression      $296.71
[2026-04-07 17:30:11]   Random Forest          $301.05
[2026-04-07 17:30:11]   SVR                    $303.83
[2026-04-07 17:30:11]   XGBoost                $301.34
[2026-04-07 17:30:11] Script finished successfully.
[2026-04-07 17:30:11] --------------------------------------------------
[2026-04-08 17:30:06] Script started — today is 2026-04-08 (Wednesday)
[2026-04-08 17:30:06] Downloading GOOG data (2 years)...
[2026-04-08 17:30:07] Latest available close: 2026-04-08 — $314.74
[2026-04-08 17:30:07] Updated real close for 2026-04-08: $314.74
[2026-04-08 17:30:07] Building features and training models...
[2026-04-08 17:30:08] Predictions:
[2026-04-08 17:30:08]   Linear Regression      $304.24  ($-10.50)
[2026-04-08 17:30:08]   Random Forest          $311.13  ($-3.61)
[2026-04-08 17:30:08]   SVR                    $314.64  ($-0.10)
[2026-04-08 17:30:08]   XGBoost                $308.96  ($-5.78)
[2026-04-08 17:30:08] Saved prediction for 2026-04-09 to C:\Users\agusm\Downloads\Pythonclass\goog_backtest_v2.csv
[2026-04-08 17:30:08] --------------------------------------------------
[2026-04-08 17:30:08] Last close (2026-04-08): $314.74
[2026-04-08 17:30:08] Predictions for 2026-04-09:
[2026-04-08 17:30:08]   Linear Regression      $304.24
[2026-04-08 17:30:08]   Random Forest          $311.13
[2026-04-08 17:30:08]   SVR                    $314.64
[2026-04-08 17:30:08]   XGBoost                $308.96
[2026-04-08 17:30:08] Script finished successfully.
[2026-04-08 17:30:08] --------------------------------------------------
[2026-04-09 17:30:10] Script started — today is 2026-04-09 (Thursday)
[2026-04-09 17:30:10] Downloading GOOG data (2 years)...
[2026-04-09 17:30:11] Latest available close: 2026-04-09 — $316.37
[2026-04-09 17:30:11] Updated real close for 2026-04-09: $316.37
[2026-04-09 17:30:11] Building features and training models...
[2026-04-09 17:30:12] Predictions:
[2026-04-09 17:30:12]   Linear Regression      $316.49  (+$0.12)
[2026-04-09 17:30:12]   Random Forest          $316.77  (+$0.40)
[2026-04-09 17:30:12]   SVR                    $316.47  (+$0.10)
[2026-04-09 17:30:12]   XGBoost                $316.71  (+$0.34)
[2026-04-09 17:30:12] Saved prediction for 2026-04-10 to C:\Users\agusm\Downloads\Pythonclass\goog_backtest_v2.csv
[2026-04-09 17:30:12] --------------------------------------------------
[2026-04-09 17:30:12] Last close (2026-04-09): $316.37
[2026-04-09 17:30:12] Predictions for 2026-04-10:
[2026-04-09 17:30:12]   Linear Regression      $316.49
[2026-04-09 17:30:12]   Random Forest          $316.77
[2026-04-09 17:30:12]   SVR                    $316.47
[2026-04-09 17:30:12]   XGBoost                $316.71
[2026-04-09 17:30:12] Script finished successfully.
[2026-04-09 17:30:12] --------------------------------------------------
[2026-04-10 17:30:17] Script started — today is 2026-04-10 (Friday)
[2026-04-10 17:30:17] Downloading GOOG data (2 years)...
[2026-04-10 17:30:19] Latest available close: 2026-04-10 — $315.72
[2026-04-10 17:30:19] Updated real close for 2026-04-10: $315.72
[2026-04-10 17:30:19] Building features and training models...
[2026-04-10 17:30:21] Predictions:
[2026-04-10 17:30:21]   Linear Regression      $317.04  (+$1.32)
[2026-04-10 17:30:21]   Random Forest          $316.60  (+$0.88)
[2026-04-10 17:30:21]   SVR                    $315.62  ($-0.10)
[2026-04-10 17:30:21]   XGBoost                $315.08  ($-0.64)
[2026-04-10 17:30:21] Saved prediction for 2026-04-13 to C:\Users\agusm\Downloads\Pythonclass\goog_backtest_v2.csv
[2026-04-10 17:30:21] --------------------------------------------------
[2026-04-10 17:30:21] Last close (2026-04-10): $315.72
[2026-04-10 17:30:21] Predictions for 2026-04-13:
[2026-04-10 17:30:21]   Linear Regression      $317.04
[2026-04-10 17:30:21]   Random Forest          $316.60
[2026-04-10 17:30:21]   SVR                    $315.62
[2026-04-10 17:30:21]   XGBoost                $315.08
[2026-04-10 17:30:21] Script finished successfully.
[2026-04-10 17:30:21] --------------------------------------------------
[2026-04-13 18:25:16] Script started — today is 2026-04-13 (Monday)
[2026-04-13 18:25:16] Downloading GOOG data (2 years)...
[2026-04-13 18:25:18] Latest available close: 2026-04-13 — $319.21
[2026-04-13 18:25:18] Updated real close for 2026-04-13: $319.21
[2026-04-13 18:25:18] Building features and training models...
[2026-04-13 18:25:19] Predictions:
[2026-04-13 18:25:19]   Linear Regression      $315.51  ($-3.70)
[2026-04-13 18:25:19]   Random Forest          $318.65  ($-0.56)
[2026-04-13 18:25:19]   SVR                    $319.11  ($-0.10)
[2026-04-13 18:25:19]   XGBoost                $317.50  ($-1.71)
[2026-04-13 18:25:19] Saved prediction for 2026-04-14 to C:\Users\agusm\Downloads\Pythonclass\StockPredictor\goog_backtest_v2.csv
[2026-04-13 18:25:19] --------------------------------------------------
[2026-04-13 18:25:19] Last close (2026-04-13): $319.21
[2026-04-13 18:25:19] Predictions for 2026-04-14:
[2026-04-13 18:25:19]   Linear Regression      $315.51
[2026-04-13 18:25:19]   Random Forest          $318.65
[2026-04-13 18:25:19]   SVR                    $319.11
[2026-04-13 18:25:19]   XGBoost                $317.50
[2026-04-13 18:25:19] Script finished successfully.
[2026-04-13 18:25:19] --------------------------------------------------
[2026-04-14 17:32:39] Script started — today is 2026-04-14 (Tuesday)
[2026-04-14 17:32:39] Downloading GOOG data (2 years)...
[2026-04-14 17:32:40] Latest available close: 2026-04-14 — $330.58
[2026-04-14 17:32:40] Updated real close for 2026-04-14: $330.58
[2026-04-14 17:32:40] Building features and training models...
[2026-04-14 17:32:41] Predictions:
[2026-04-14 17:32:41]   Linear Regression      $319.60  ($-10.98)
[2026-04-14 17:32:41]   Random Forest          $326.15  ($-4.43)
[2026-04-14 17:32:41]   SVR                    $330.48  ($-0.10)
[2026-04-14 17:32:41]   XGBoost                $321.81  ($-8.77)
[2026-04-14 17:32:41] Saved prediction for 2026-04-15 to C:\Users\agusm\Downloads\Pythonclass\StockPredictor\goog_backtest_v2.csv
[2026-04-14 17:32:41] --------------------------------------------------
[2026-04-14 17:32:41] Last close (2026-04-14): $330.58
[2026-04-14 17:32:41] Predictions for 2026-04-15:
[2026-04-14 17:32:41]   Linear Regression      $319.60
[2026-04-14 17:32:41]   Random Forest          $326.15
[2026-04-14 17:32:41]   SVR                    $330.48
[2026-04-14 17:32:41]   XGBoost                $321.81
[2026-04-14 17:32:41] Script finished successfully.
[2026-04-14 17:32:41] --------------------------------------------------
[2026-04-14 19:24:23] Script started — today is 2026-04-14 (Tuesday)
[2026-04-14 19:24:23] Downloading GOOG data (2 years)...
[2026-04-14 19:24:25] Latest available close: 2026-04-14 — $330.58
[2026-04-14 19:24:25] Building features and training models...
[2026-04-14 19:24:26] Predictions:
[2026-04-14 19:24:26]   Linear Regression      $319.60  ($-10.98)
[2026-04-14 19:24:26]   Random Forest          $326.15  ($-4.43)
[2026-04-14 19:24:26]   SVR                    $330.48  ($-0.10)
[2026-04-14 19:24:26]   XGBoost                $321.28  ($-9.30)
[2026-04-14 19:24:26] Prediction for 2026-04-15 already exists. Skipping.
[2026-04-14 19:24:26] --------------------------------------------------
[2026-04-14 19:24:26] Last close (2026-04-14): $330.58
[2026-04-14 19:24:26] Predictions for 2026-04-15:
[2026-04-14 19:24:26]   Linear Regression      $319.60
[2026-04-14 19:24:26]   Random Forest          $326.15
[2026-04-14 19:24:26]   SVR                    $330.48
[2026-04-14 19:24:26]   XGBoost                $321.28
[2026-04-14 19:24:26] Script finished successfully.
[2026-04-14 19:24:26] --------------------------------------------------
[2026-04-15 17:48:13] Script started — today is 2026-04-15 (Wednesday)
[2026-04-15 17:48:13] Downloading GOOG data (2 years)...
[2026-04-15 17:48:14] Latest available close: 2026-04-15 — $334.47
[2026-04-15 17:48:14] Updated real close for 2026-04-15: $334.47
[2026-04-15 17:48:14] Building features and training models...
[2026-04-15 17:48:15] Predictions:
[2026-04-15 17:48:15]   Linear Regression      $332.89  ($-1.58)
[2026-04-15 17:48:15]   Random Forest          $333.04  ($-1.43)
[2026-04-15 17:48:15]   SVR                    $334.57  (+$0.10)
[2026-04-15 17:48:15]   XGBoost                $330.97  ($-3.50)
[2026-04-15 17:48:15] Saved prediction for 2026-04-16 to C:\Users\agusm\Downloads\Pythonclass\StockPredictor\goog_backtest_v2.csv
[2026-04-15 17:48:15] --------------------------------------------------
[2026-04-15 17:48:15] Last close (2026-04-15): $334.47
[2026-04-15 17:48:15] Predictions for 2026-04-16:
[2026-04-15 17:48:15]   Linear Regression      $332.89
[2026-04-15 17:48:15]   Random Forest          $333.04
[2026-04-15 17:48:15]   SVR                    $334.57
[2026-04-15 17:48:15]   XGBoost                $330.97
[2026-04-15 17:48:15] Script finished successfully.
[2026-04-15 17:48:15] --------------------------------------------------
[2026-04-16 17:43:49] Script started — today is 2026-04-16 (Thursday)
[2026-04-16 17:43:49] Downloading GOOG data (2 years)...
[2026-04-16 17:43:51] Latest available close: 2026-04-16 — $332.77
[2026-04-16 17:43:51] Updated real close for 2026-04-16: $332.77
[2026-04-16 17:43:51] Building features and training models...
[2026-04-16 17:43:52] Predictions:
[2026-04-16 17:43:52]   Linear Regression      $336.09  (+$3.32)
[2026-04-16 17:43:52]   Random Forest          $333.58  (+$0.81)
[2026-04-16 17:43:52]   SVR                    $332.82  (+$0.05)
[2026-04-16 17:43:52]   XGBoost                $333.82  (+$1.05)
[2026-04-16 17:43:52] Saved prediction for 2026-04-17 to C:\Users\agusm\Downloads\Pythonclass\StockPredictor\goog_backtest_v2.csv
[2026-04-16 17:43:52] --------------------------------------------------
[2026-04-16 17:43:52] Last close (2026-04-16): $332.77
[2026-04-16 17:43:52] Predictions for 2026-04-17:
[2026-04-16 17:43:52]   Linear Regression      $336.09
[2026-04-16 17:43:52]   Random Forest          $333.58
[2026-04-16 17:43:52]   SVR                    $332.82
[2026-04-16 17:43:52]   XGBoost                $333.82
[2026-04-16 17:43:52] Script finished successfully.
[2026-04-16 17:43:52] --------------------------------------------------
[2026-04-17 17:30:18] Script started — today is 2026-04-17 (Friday)
[2026-04-17 17:30:18] Downloading GOOG data (2 years)...
[2026-04-17 17:30:20] Latest available close: 2026-04-17 — $339.4
[2026-04-17 17:30:20] Updated real close for 2026-04-17: $339.4
[2026-04-17 17:30:20] Building features and training models...
[2026-04-17 17:30:22] Predictions:
[2026-04-17 17:30:22]   Linear Regression      $333.32  ($-6.08)
[2026-04-17 17:30:22]   Random Forest          $337.14  ($-2.26)
[2026-04-17 17:30:22]   SVR                    $339.30  ($-0.10)
[2026-04-17 17:30:22]   XGBoost                $336.44  ($-2.96)
[2026-04-17 17:30:22] Saved prediction for 2026-04-20 to C:\Users\agusm\Downloads\Pythonclass\StockPredictor\goog_backtest_v2.csv
[2026-04-17 17:30:22] --------------------------------------------------
[2026-04-17 17:30:22] Last close (2026-04-17): $339.4
[2026-04-17 17:30:22] Predictions for 2026-04-20:
[2026-04-17 17:30:22]   Linear Regression      $333.32
[2026-04-17 17:30:22]   Random Forest          $337.14
[2026-04-17 17:30:22]   SVR                    $339.30
[2026-04-17 17:30:22]   XGBoost                $336.44
[2026-04-17 17:30:22] Script finished successfully.
[2026-04-17 17:30:22] --------------------------------------------------
